2026-05-28T18:22:30.6334009Z State: Starting, Action: EstablishingSiteNetworks, LastError: ImageNotFoundFailure, LastErrorTimestamp: 05/15/2026 06:24:46, LastErrorDetails: Failed to pull image: foodlytics-eqbaanavawbqcxfs.azurecr.io/backend:latest. Image pull failed because the image was not found. Check the registry to ensure the image is present or check for any misspellings., Details: Site is blocked due to multiple, consecutive cold start failures. Site scheduled to be unblocked at 05/15/2026 06:25:47, DetailsLevel: WARN
2026-05-28T18:22:36.4998545Z State: Starting, Action: StartingMsiContainer, LastError: ImageNotFoundFailure, LastErrorTimestamp: 05/15/2026 06:24:46, LastErrorDetails: Failed to pull image: foodlytics-eqbaanavawbqcxfs.azurecr.io/backend:latest. Image pull failed because the image was not found. Check the registry to ensure the image is present or check for any misspellings., Details: Site is blocked due to multiple, consecutive cold start failures. Site scheduled to be unblocked at 05/15/2026 06:25:47, DetailsLevel: WARN
2026-05-28T18:22:50.7098401Z State: Starting, Action: StartingSiteContainers, LastError: ImageNotFoundFailure, LastErrorTimestamp: 05/15/2026 06:24:46, LastErrorDetails: Failed to pull image: foodlytics-eqbaanavawbqcxfs.azurecr.io/backend:latest. Image pull failed because the image was not found. Check the registry to ensure the image is present or check for any misspellings., Details: Site is blocked due to multiple, consecutive cold start failures. Site scheduled to be unblocked at 05/15/2026 06:25:47, DetailsLevel: WARN
2026-05-28T18:22:50.7115958Z State: Starting, Action: PullingImage, LastError: ImageNotFoundFailure, LastErrorTimestamp: 05/15/2026 06:24:46, LastErrorDetails: Failed to pull image: foodlytics-eqbaanavawbqcxfs.azurecr.io/backend:latest. Image pull failed because the image was not found. Check the registry to ensure the image is present or check for any misspellings., Details: Pulling image foodlytics-eqbaanavawbqcxfs.azurecr.io/backend:latest for foodlytics-backend_main., DetailsLevel: INFO
2026-05-28T18:22:53.8954113Z Site container: foodlytics-backend_main terminated during site startup.
2026-05-28T18:22:53.9048873Z State: Stopping, Action: CancellingStartup, LastError: ImageNotFoundFailure, LastErrorTimestamp: 05/15/2026 06:24:46, LastErrorDetails: Failed to pull image: foodlytics-eqbaanavawbqcxfs.azurecr.io/backend:latest. Image pull failed because the image was not found. Check the registry to ensure the image is present or check for any misspellings., Details: Site container: foodlytics-backend_main terminated during site startup. Cancelling site startup., DetailsLevel: ERR
2026-05-28T18:22:53.9434484Z State: Stopping, Action: CancellingStartup, LastError: ImageNotFoundFailure, LastErrorTimestamp: 05/28/2026 18:22:53, LastErrorDetails: Failed to pull image: foodlytics-eqbaanavawbqcxfs.azurecr.io/backend:latest. Image pull failed because the image was not found. Check the registry to ensure the image is present or check for any misspellings., Details: Site container: foodlytics-backend_main terminated during site startup. Cancelling site startup., DetailsLevel: ERR
2026-05-28T18:22:53.9648794Z Failed to start site. Revert by stopping site.
2026-05-28T18:22:53.9930198Z State: Stopping, Action: StoppingSite, LastError: ImageNotFoundFailure, LastErrorTimestamp: 05/28/2026 18:22:53, LastErrorDetails: Failed to pull image: foodlytics-eqbaanavawbqcxfs.azurecr.io/backend:latest. Image pull failed because the image was not found. Check the registry to ensure the image is present or check for any misspellings., Details: Site container: foodlytics-backend_main terminated during site startup. Cancelling site startup., DetailsLevel: ERR
2026-05-28T18:22:54.0032121Z State: Stopping, Action: StoppingSiteContainers, LastError: ImageNotFoundFailure, LastErrorTimestamp: 05/28/2026 18:22:53, LastErrorDetails: Failed to pull image: foodlytics-eqbaanavawbqcxfs.azurecr.io/backend:latest. Image pull failed because the image was not found. Check the registry to ensure the image is present or check for any misspellings., Details: Site container: foodlytics-backend_main terminated during site startup. Cancelling site startup., DetailsLevel: ERR
2026-05-28T18:22:54.5517269Z Site container: foodlytics-backend_managedIdentity terminated during site startup.
2026-05-28T18:22:54.5523700Z State: Stopping, Action: StoppingSiteContainers, LastError: ImageNotFoundFailure, LastErrorTimestamp: 05/28/2026 18:22:53, LastErrorDetails: Failed to pull image: foodlytics-eqbaanavawbqcxfs.azurecr.io/backend:latest. Image pull failed because the image was not found. Check the registry to ensure the image is present or check for any misspellings., Details: Site container: foodlytics-backend_main terminated during site startup. Cancelling site startup., DetailsLevel: ERR
2026-05-28T18:22:54.5578013Z Site: foodlytics-backend stopped.
2026-05-28T18:39:40.6796381Z State: Starting, Action: EstablishingSiteNetworks, LastError: ImageNotFoundFailure, LastErrorTimestamp: 05/28/2026 18:22:53, LastErrorDetails: Failed to pull image: foodlytics-eqbaanavawbqcxfs.azurecr.io/backend:latest. Image pull failed because the image was not found. Check the registry to ensure the image is present or check for any misspellings., Details: Site is blocked due to multiple, consecutive cold start failures. Site scheduled to be unblocked at 05/28/2026 18:24:55, DetailsLevel: WARN
2026-05-28T18:39:43.9341421Z State: Starting, Action: StartingMsiContainer, LastError: ImageNotFoundFailure, LastErrorTimestamp: 05/28/2026 18:22:53, LastErrorDetails: Failed to pull image: foodlytics-eqbaanavawbqcxfs.azurecr.io/backend:latest. Image pull failed because the image was not found. Check the registry to ensure the image is present or check for any misspellings., Details: Site is blocked due to multiple, consecutive cold start failures. Site scheduled to be unblocked at 05/28/2026 18:24:55, DetailsLevel: WARN
2026-05-28T18:39:55.8273174Z State: Starting, Action: StartingSiteContainers, LastError: ImageNotFoundFailure, LastErrorTimestamp: 05/28/2026 18:22:53, LastErrorDetails: Failed to pull image: foodlytics-eqbaanavawbqcxfs.azurecr.io/backend:latest. Image pull failed because the image was not found. Check the registry to ensure the image is present or check for any misspellings., Details: Site is blocked due to multiple, consecutive cold start failures. Site scheduled to be unblocked at 05/28/2026 18:24:55, DetailsLevel: WARN
2026-05-28T18:39:55.8284190Z Container start method called.
2026-05-28T18:39:55.8291888Z State: Starting, Action: PullingImage, LastError: ImageNotFoundFailure, LastErrorTimestamp: 05/28/2026 18:22:53, LastErrorDetails: Failed to pull image: foodlytics-eqbaanavawbqcxfs.azurecr.io/backend:latest. Image pull failed because the image was not found. Check the registry to ensure the image is present or check for any misspellings., Details: Pulling image foodlytics-eqbaanavawbqcxfs.azurecr.io/backend:latest for foodlytics-backend_main., DetailsLevel: INFO
2026-05-28T18:39:55.8356635Z Establishing network.
2026-05-28T18:39:55.8365063Z Pulling image: foodlytics-eqbaanavawbqcxfs.azurecr.io/backend:latest.
2026-05-28T18:39:59.3774579Z Container pull image failed with reason: ImagePullFailure. Revert by terminate.
2026-05-28T18:39:59.3777420Z Container is terminating. Grace period: 5 seconds.
2026-05-28T18:39:59.3778802Z Container spec TerminationMessagePolicy  path 
2026-05-28T18:39:59.3780267Z Container is terminated. Total time elapsed: 0 ms.
2026-05-28T18:39:59.3781570Z Site container: foodlytics-backend_main terminated during site startup.
2026-05-28T18:39:59.3783085Z State: Stopping, Action: CancellingStartup, LastError: ImageNotFoundFailure, LastErrorTimestamp: 05/28/2026 18:22:53, LastErrorDetails: Failed to pull image: foodlytics-eqbaanavawbqcxfs.azurecr.io/backend:latest. Image pull failed because the image was not found. Check the registry to ensure the image is present or check for any misspellings., Details: Site container: foodlytics-backend_main terminated during site startup. Cancelling site startup., DetailsLevel: ERR
2026-05-28T18:39:59.4075607Z State: Stopping, Action: CancellingStartup, LastError: ImageNotFoundFailure, LastErrorTimestamp: 05/28/2026 18:39:59, LastErrorDetails: Failed to pull image: foodlytics-eqbaanavawbqcxfs.azurecr.io/backend:latest. Image pull failed because the image was not found. Check the registry to ensure the image is present or check for any misspellings., Details: Site container: foodlytics-backend_main terminated during site startup. Cancelling site startup., DetailsLevel: ERR
2026-05-28T18:39:59.4479809Z Failed to start site. Revert by stopping site.
2026-05-28T18:39:59.4489169Z State: Stopping, Action: StoppingSite, LastError: ImageNotFoundFailure, LastErrorTimestamp: 05/28/2026 18:39:59, LastErrorDetails: Failed to pull image: foodlytics-eqbaanavawbqcxfs.azurecr.io/backend:latest. Image pull failed because the image was not found. Check the registry to ensure the image is present or check for any misspellings., Details: Site container: foodlytics-backend_main terminated during site startup. Cancelling site startup., DetailsLevel: ERR
2026-05-28T18:39:59.4582682Z State: Stopping, Action: StoppingSiteContainers, LastError: ImageNotFoundFailure, LastErrorTimestamp: 05/28/2026 18:39:59, LastErrorDetails: Failed to pull image: foodlytics-eqbaanavawbqcxfs.azurecr.io/backend:latest. Image pull failed because the image was not found. Check the registry to ensure the image is present or check for any misspellings., Details: Site container: foodlytics-backend_main terminated during site startup. Cancelling site startup., DetailsLevel: ERR
2026-05-28T18:39:59.8687553Z Site container: foodlytics-backend_managedIdentity terminated during site startup.
2026-05-28T18:39:59.8700433Z State: Stopping, Action: StoppingSiteContainers, LastError: ImageNotFoundFailure, LastErrorTimestamp: 05/28/2026 18:39:59, LastErrorDetails: Failed to pull image: foodlytics-eqbaanavawbqcxfs.azurecr.io/backend:latest. Image pull failed because the image was not found. Check the registry to ensure the image is present or check for any misspellings., Details: Site container: foodlytics-backend_main terminated during site startup. Cancelling site startup., DetailsLevel: ERR
2026-05-28T18:39:59.8714614Z Site: foodlytics-backend stopped.
2026-05-28T18:39:59.8802827Z State: Stopping, Action: UnmountingVolumes, LastError: ImageNotFoundFailure, LastErrorTimestamp: 05/28/2026 18:39:59, LastErrorDetails: Failed to pull image: foodlytics-eqbaanavawbqcxfs.azurecr.io/backend:latest. Image pull failed because the image was not found. Check the registry to ensure the image is present or check for any misspellings., Details: Site container: foodlytics-backend_main terminated during site startup. Cancelling site startup., DetailsLevel: ERR
2026-05-28T18:40:00.3029854Z State: Stopping, Action: StoppingSiteNetworks, LastError: ImageNotFoundFailure, LastErrorTimestamp: 05/28/2026 18:39:59, LastErrorDetails: Failed to pull image: foodlytics-eqbaanavawbqcxfs.azurecr.io/backend:latest. Image pull failed because the image was not found. Check the registry to ensure the image is present or check for any misspellings., Details: Site container: foodlytics-backend_main terminated during site startup. Cancelling site startup., DetailsLevel: ERR
2026-05-28T18:40:00.6174209Z State: Stopped, Action: None, LastError: ImageNotFoundFailure, LastErrorTimestamp: 05/28/2026 18:39:59, LastErrorDetails: Failed to pull image: foodlytics-eqbaanavawbqcxfs.azurecr.io/backend:latest. Image pull failed because the image was not found. Check the registry to ensure the image is present or check for any misspellings., Details: Site stopped at 05/28/2026 18:40:00 (UTC), DetailsLevel: ERR
2026-05-28T18:40:01.4276579Z State: Stopped, Action: None, LastError: ImageNotFoundFailure, LastErrorTimestamp: 05/28/2026 18:39:59, LastErrorDetails: Failed to pull image: foodlytics-eqbaanavawbqcxfs.azurecr.io/backend:latest. Image pull failed because the image was not found. Check the registry to ensure the image is present or check for any misspellings., Details: Site stopped at 05/28/2026 18:40:00 (UTC), DetailsLevel: ERR
2026-05-28T18:40:01.6189619Z State: Starting, Action: EstablishingSiteNetworks, LastError: ImageNotFoundFailure, LastErrorTimestamp: 05/28/2026 18:39:59, LastErrorDetails: Failed to pull image: foodlytics-eqbaanavawbqcxfs.azurecr.io/backend:latest. Image pull failed because the image was not found. Check the registry to ensure the image is present or check for any misspellings., Details: Site stopped at 05/28/2026 18:40:00 (UTC), DetailsLevel: ERR
2026-05-28T18:40:06.0106686Z State: Starting, Action: StartingMsiContainer, LastError: ImageNotFoundFailure, LastErrorTimestamp: 05/28/2026 18:39:59, LastErrorDetails: Failed to pull image: foodlytics-eqbaanavawbqcxfs.azurecr.io/backend:latest. Image pull failed because the image was not found. Check the registry to ensure the image is present or check for any misspellings., Details: Site stopped at 05/28/2026 18:40:00 (UTC), DetailsLevel: ERR
2026-05-28T18:40:23.5271799Z State: Starting, Action: StartingSiteContainers, LastError: ImageNotFoundFailure, LastErrorTimestamp: 05/28/2026 18:39:59, LastErrorDetails: Failed to pull image: foodlytics-eqbaanavawbqcxfs.azurecr.io/backend:latest. Image pull failed because the image was not found. Check the registry to ensure the image is present or check for any misspellings., Details: Site stopped at 05/28/2026 18:40:00 (UTC), DetailsLevel: ERR
2026-05-28T18:40:23.5273360Z Container start method called.
2026-05-28T18:40:23.5273906Z State: Starting, Action: PullingImage, LastError: ImageNotFoundFailure, LastErrorTimestamp: 05/28/2026 18:39:59, LastErrorDetails: Failed to pull image: foodlytics-eqbaanavawbqcxfs.azurecr.io/backend:latest. Image pull failed because the image was not found. Check the registry to ensure the image is present or check for any misspellings., Details: Pulling image foodlytics-eqbaanavawbqcxfs.azurecr.io/backend:latest for foodlytics-backend_main., DetailsLevel: INFO
2026-05-28T18:40:23.5275351Z Establishing network.
2026-05-28T18:40:23.5276483Z Pulling image: foodlytics-eqbaanavawbqcxfs.azurecr.io/backend:latest.
2026-05-28T18:40:26.2844584Z Container pull image failed with reason: ImagePullFailure. Revert by terminate.
2026-05-28T18:40:26.2848312Z Container is terminating. Grace period: 5 seconds.
2026-05-28T18:40:26.2920596Z Container spec TerminationMessagePolicy  path 
2026-05-28T18:40:26.2923454Z Container is terminated. Total time elapsed: 7 ms.
2026-05-28T18:40:26.2938544Z Site container: foodlytics-backend_main terminated during site startup.
2026-05-28T18:40:26.2941277Z State: Stopping, Action: CancellingStartup, LastError: ImageNotFoundFailure, LastErrorTimestamp: 05/28/2026 18:39:59, LastErrorDetails: Failed to pull image: foodlytics-eqbaanavawbqcxfs.azurecr.io/backend:latest. Image pull failed because the image was not found. Check the registry to ensure the image is present or check for any misspellings., Details: Site container: foodlytics-backend_main terminated during site startup. Cancelling site startup., DetailsLevel: ERR
2026-05-28T18:40:26.3011051Z State: Stopping, Action: CancellingStartup, LastError: ImageNotFoundFailure, LastErrorTimestamp: 05/28/2026 18:40:26, LastErrorDetails: Failed to pull image: foodlytics-eqbaanavawbqcxfs.azurecr.io/backend:latest. Image pull failed because the image was not found. Check the registry to ensure the image is present or check for any misspellings., Details: Site container: foodlytics-backend_main terminated during site startup. Cancelling site startup., DetailsLevel: ERR
2026-05-28T18:40:26.3317404Z Failed to start site. Revert by stopping site.
2026-05-28T18:40:26.3319749Z State: Stopping, Action: StoppingSite, LastError: ImageNotFoundFailure, LastErrorTimestamp: 05/28/2026 18:40:26, LastErrorDetails: Failed to pull image: foodlytics-eqbaanavawbqcxfs.azurecr.io/backend:latest. Image pull failed because the image was not found. Check the registry to ensure the image is present or check for any misspellings., Details: Site container: foodlytics-backend_main terminated during site startup. Cancelling site startup., DetailsLevel: ERR
2026-05-28T18:40:26.3323033Z State: Stopping, Action: StoppingSiteContainers, LastError: ImageNotFoundFailure, LastErrorTimestamp: 05/28/2026 18:40:26, LastErrorDetails: Failed to pull image: foodlytics-eqbaanavawbqcxfs.azurecr.io/backend:latest. Image pull failed because the image was not found. Check the registry to ensure the image is present or check for any misspellings., Details: Site container: foodlytics-backend_main terminated during site startup. Cancelling site startup., DetailsLevel: ERR
2026-05-28T18:40:26.9004885Z Site container: foodlytics-backend_managedIdentity terminated during site startup.
2026-05-28T18:40:26.9010865Z State: Stopping, Action: StoppingSiteContainers, LastError: ImageNotFoundFailure, LastErrorTimestamp: 05/28/2026 18:40:26, LastErrorDetails: Failed to pull image: foodlytics-eqbaanavawbqcxfs.azurecr.io/backend:latest. Image pull failed because the image was not found. Check the registry to ensure the image is present or check for any misspellings., Details: Site container: foodlytics-backend_main terminated during site startup. Cancelling site startup., DetailsLevel: ERR
2026-05-28T18:40:26.9012796Z Site: foodlytics-backend stopped.
2026-05-28T18:40:26.9290271Z State: Stopping, Action: UnmountingVolumes, LastError: ImageNotFoundFailure, LastErrorTimestamp: 05/28/2026 18:40:26, LastErrorDetails: Failed to pull image: foodlytics-eqbaanavawbqcxfs.azurecr.io/backend:latest. Image pull failed because the image was not found. Check the registry to ensure the image is present or check for any misspellings., Details: Site container: foodlytics-backend_main terminated during site startup. Cancelling site startup., DetailsLevel: ERR
2026-05-28T18:40:27.2352521Z State: Stopping, Action: StoppingSiteNetworks, LastError: ImageNotFoundFailure, LastErrorTimestamp: 05/28/2026 18:40:26, LastErrorDetails: Failed to pull image: foodlytics-eqbaanavawbqcxfs.azurecr.io/backend:latest. Image pull failed because the image was not found. Check the registry to ensure the image is present or check for any misspellings., Details: Site container: foodlytics-backend_main terminated during site startup. Cancelling site startup., DetailsLevel: ERR
2026-05-28T18:40:27.6107502Z Site: foodlytics-backend will be blocked for 1 minutes till 05/28/2026 18:41:27
2026-05-28T18:40:27.6129738Z State: Blocked, Action: StoppingSiteNetworks, LastError: ImageNotFoundFailure, LastErrorTimestamp: 05/28/2026 18:40:26, LastErrorDetails: Failed to pull image: foodlytics-eqbaanavawbqcxfs.azurecr.io/backend:latest. Image pull failed because the image was not found. Check the registry to ensure the image is present or check for any misspellings., Details: Site: foodlytics-backend will be blocked for 1 minutes till 05/28/2026 18:41:27, DetailsLevel: WARN
2026-05-28T18:40:27.6303181Z State: Stopped, Action: None, LastError: ImageNotFoundFailure, LastErrorTimestamp: 05/28/2026 18:40:26, LastErrorDetails: Failed to pull image: foodlytics-eqbaanavawbqcxfs.azurecr.io/backend:latest. Image pull failed because the image was not found. Check the registry to ensure the image is present or check for any misspellings., Details: Site stopped at 05/28/2026 18:40:27 (UTC), DetailsLevel: WARN
2026-05-28T18:40:28.5091067Z State: Stopped, Action: None, LastError: ImageNotFoundFailure, LastErrorTimestamp: 05/28/2026 18:40:26, LastErrorDetails: Failed to pull image: foodlytics-eqbaanavawbqcxfs.azurecr.io/backend:latest. Image pull failed because the image was not found. Check the registry to ensure the image is present or check for any misspellings., Details: Site stopped at 05/28/2026 18:40:27 (UTC), DetailsLevel: WARN
2026-05-28T18:41:27.6026994Z Site: foodlytics-backend is unblocked.
2026-05-28T18:43:00.2744468Z State: Starting, Action: EstablishingSiteNetworks, LastError: ImageNotFoundFailure, LastErrorTimestamp: 05/28/2026 18:40:26, LastErrorDetails: Failed to pull image: foodlytics-eqbaanavawbqcxfs.azurecr.io/backend:latest. Image pull failed because the image was not found. Check the registry to ensure the image is present or check for any misspellings., Details: Site stopped at 05/28/2026 18:40:27 (UTC), DetailsLevel: WARN
2026-05-28T18:43:02.6540750Z State: Starting, Action: StartingMsiContainer, LastError: ImageNotFoundFailure, LastErrorTimestamp: 05/28/2026 18:40:26, LastErrorDetails: Failed to pull image: foodlytics-eqbaanavawbqcxfs.azurecr.io/backend:latest. Image pull failed because the image was not found. Check the registry to ensure the image is present or check for any misspellings., Details: Site stopped at 05/28/2026 18:40:27 (UTC), DetailsLevel: WARN
2026-05-28T18:43:13.8937628Z State: Starting, Action: StartingSiteContainers, LastError: ImageNotFoundFailure, LastErrorTimestamp: 05/28/2026 18:40:26, LastErrorDetails: Failed to pull image: foodlytics-eqbaanavawbqcxfs.azurecr.io/backend:latest. Image pull failed because the image was not found. Check the registry to ensure the image is present or check for any misspellings., Details: Site stopped at 05/28/2026 18:40:27 (UTC), DetailsLevel: WARN
2026-05-28T18:43:13.8939327Z Container start method called.
2026-05-28T18:43:13.8939838Z State: Starting, Action: PullingImage, LastError: ImageNotFoundFailure, LastErrorTimestamp: 05/28/2026 18:40:26, LastErrorDetails: Failed to pull image: foodlytics-eqbaanavawbqcxfs.azurecr.io/backend:latest. Image pull failed because the image was not found. Check the registry to ensure the image is present or check for any misspellings., Details: Pulling image foodlytics-eqbaanavawbqcxfs.azurecr.io/backend:latest for foodlytics-backend_main., DetailsLevel: INFO
2026-05-28T18:43:13.8940804Z Establishing network.
2026-05-28T18:43:13.8941875Z Pulling image: foodlytics-eqbaanavawbqcxfs.azurecr.io/backend:latest.
2026-05-28T18:43:18.7012954Z Container pull image failed with reason: ImagePullFailure. Revert by terminate.
2026-05-28T18:43:18.7018440Z Container is terminating. Grace period: 5 seconds.
2026-05-28T18:43:18.7021270Z Container spec TerminationMessagePolicy  path 
2026-05-28T18:43:18.7022924Z Container is terminated. Total time elapsed: 0 ms.
2026-05-28T18:43:18.7024568Z Site container: foodlytics-backend_main terminated during site startup.
2026-05-28T18:43:18.7104227Z State: Stopping, Action: CancellingStartup, LastError: ImageNotFoundFailure, LastErrorTimestamp: 05/28/2026 18:40:26, LastErrorDetails: Failed to pull image: foodlytics-eqbaanavawbqcxfs.azurecr.io/backend:latest. Image pull failed because the image was not found. Check the registry to ensure the image is present or check for any misspellings., Details: Site container: foodlytics-backend_main terminated during site startup. Cancelling site startup., DetailsLevel: ERR
2026-05-28T18:43:18.7113429Z State: Stopping, Action: CancellingStartup, LastError: ImageNotFoundFailure, LastErrorTimestamp: 05/28/2026 18:43:18, LastErrorDetails: Failed to pull image: foodlytics-eqbaanavawbqcxfs.azurecr.io/backend:latest. Image pull failed because the image was not found. Check the registry to ensure the image is present or check for any misspellings., Details: Site container: foodlytics-backend_main terminated during site startup. Cancelling site startup., DetailsLevel: ERR
2026-05-28T18:43:18.7391366Z Failed to start site. Revert by stopping site.
2026-05-28T18:43:18.7392545Z State: Stopping, Action: StoppingSite, LastError: ImageNotFoundFailure, LastErrorTimestamp: 05/28/2026 18:43:18, LastErrorDetails: Failed to pull image: foodlytics-eqbaanavawbqcxfs.azurecr.io/backend:latest. Image pull failed because the image was not found. Check the registry to ensure the image is present or check for any misspellings., Details: Site container: foodlytics-backend_main terminated during site startup. Cancelling site startup., DetailsLevel: ERR
2026-05-28T18:43:18.7394480Z State: Stopping, Action: StoppingSiteContainers, LastError: ImageNotFoundFailure, LastErrorTimestamp: 05/28/2026 18:43:18, LastErrorDetails: Failed to pull image: foodlytics-eqbaanavawbqcxfs.azurecr.io/backend:latest. Image pull failed because the image was not found. Check the registry to ensure the image is present or check for any misspellings., Details: Site container: foodlytics-backend_main terminated during site startup. Cancelling site startup., DetailsLevel: ERR
2026-05-28T18:43:19.1723577Z Site container: foodlytics-backend_managedIdentity terminated during site startup.
2026-05-28T18:43:19.1795268Z State: Stopping, Action: StoppingSiteContainers, LastError: ImageNotFoundFailure, LastErrorTimestamp: 05/28/2026 18:43:18, LastErrorDetails: Failed to pull image: foodlytics-eqbaanavawbqcxfs.azurecr.io/backend:latest. Image pull failed because the image was not found. Check the registry to ensure the image is present or check for any misspellings., Details: Site container: foodlytics-backend_main terminated during site startup. Cancelling site startup., DetailsLevel: ERR
2026-05-28T18:43:19.1803088Z Site: foodlytics-backend stopped.
2026-05-28T19:01:18.8297831Z State: Starting, Action: EstablishingSiteNetworks, LastError: ImageNotFoundFailure, LastErrorTimestamp: 05/28/2026 18:43:18, LastErrorDetails: Failed to pull image: foodlytics-eqbaanavawbqcxfs.azurecr.io/backend:latest. Image pull failed because the image was not found. Check the registry to ensure the image is present or check for any misspellings., Details: Site is blocked due to multiple, consecutive cold start failures. Site scheduled to be unblocked at 05/28/2026 18:44:19, DetailsLevel: WARN
2026-05-28T19:01:21.6007538Z State: Starting, Action: StartingMsiContainer, LastError: ImageNotFoundFailure, LastErrorTimestamp: 05/28/2026 18:43:18, LastErrorDetails: Failed to pull image: foodlytics-eqbaanavawbqcxfs.azurecr.io/backend:latest. Image pull failed because the image was not found. Check the registry to ensure the image is present or check for any misspellings., Details: Site is blocked due to multiple, consecutive cold start failures. Site scheduled to be unblocked at 05/28/2026 18:44:19, DetailsLevel: WARN
2026-05-28T19:01:33.0164967Z State: Starting, Action: StartingSiteContainers, LastError: ImageNotFoundFailure, LastErrorTimestamp: 05/28/2026 18:43:18, LastErrorDetails: Failed to pull image: foodlytics-eqbaanavawbqcxfs.azurecr.io/backend:latest. Image pull failed because the image was not found. Check the registry to ensure the image is present or check for any misspellings., Details: Site is blocked due to multiple, consecutive cold start failures. Site scheduled to be unblocked at 05/28/2026 18:44:19, DetailsLevel: WARN
2026-05-28T19:01:33.0179652Z Container start method called.
2026-05-28T19:01:33.0188455Z State: Starting, Action: PullingImage, LastError: ImageNotFoundFailure, LastErrorTimestamp: 05/28/2026 18:43:18, LastErrorDetails: Failed to pull image: foodlytics-eqbaanavawbqcxfs.azurecr.io/backend:latest. Image pull failed because the image was not found. Check the registry to ensure the image is present or check for any misspellings., Details: Pulling image foodlytics-eqbaanavawbqcxfs.azurecr.io/backend:latest for foodlytics-backend., DetailsLevel: INFO
2026-05-28T19:01:33.0196355Z Establishing network.
2026-05-28T19:01:33.0281342Z Pulling image: foodlytics-eqbaanavawbqcxfs.azurecr.io/backend:latest.
2026-05-28T19:07:11.8477233Z Image foodlytics-eqbaanavawbqcxfs.azurecr.io/backend:latest is pulled from registry foodlytics-eqbaanavawbqcxfs.azurecr.io
2026-05-28T19:07:11.8849026Z Container is starting.
2026-05-28T19:07:11.9254896Z State: Starting, Action: MountingVolumes, LastError: ImageNotFoundFailure, LastErrorTimestamp: 05/28/2026 18:43:18, LastErrorDetails: Failed to pull image: foodlytics-eqbaanavawbqcxfs.azurecr.io/backend:latest. Image pull failed because the image was not found. Check the registry to ensure the image is present or check for any misspellings., Details: Mounting volumes for foodlytics-backend., DetailsLevel: INFO
2026-05-28T19:07:11.9268948Z Establishing user namespace if not established already.
2026-05-28T19:07:11.9297245Z Establishing network if not established already.
2026-05-28T19:07:11.9380660Z Mounting volumes.
2026-05-28T19:07:11.9489243Z Nested mountpoint volatile/logs
2026-05-28T19:07:11.9681056Z Nested mountpoint 
2026-05-28T19:07:12.0616852Z Nested mountpoint 
2026-05-28T19:07:12.4910480Z State: Starting, Action: CreatingContainer, LastError: ImageNotFoundFailure, LastErrorTimestamp: 05/28/2026 18:43:18, LastErrorDetails: Failed to pull image: foodlytics-eqbaanavawbqcxfs.azurecr.io/backend:latest. Image pull failed because the image was not found. Check the registry to ensure the image is present or check for any misspellings., Details: Finished pulling container image and mounting volumes for foodlytics-backend. Allocatinng the rest of the container resources to finish container creation., DetailsLevel: INFO
2026-05-28T19:07:12.4913663Z Creating container.
2026-05-28T19:07:12.4918997Z Creating pipes for streaming container io.
2026-05-28T19:07:12.4923234Z Creating stdout named pipe at /podr/container/pipe/cf11a413b238_foodlytics-backend/stdout_0ccdb83ddb9641879c251d841fb814a0.
2026-05-28T19:07:12.4933899Z Successfully created stdout named pipe at: /podr/container/pipe/cf11a413b238_foodlytics-backend/stdout_0ccdb83ddb9641879c251d841fb814a0.
2026-05-28T19:07:12.5015294Z Opening named pipe /podr/container/pipe/cf11a413b238_foodlytics-backend/stdout_0ccdb83ddb9641879c251d841fb814a0 for reading in non-blocking mode.
2026-05-28T19:07:12.5020086Z Successfully opened named pipe: /podr/container/pipe/cf11a413b238_foodlytics-backend/stdout_0ccdb83ddb9641879c251d841fb814a0.
2026-05-28T19:07:12.5097069Z Successfully removed non-blocking flag from /podr/container/pipe/cf11a413b238_foodlytics-backend/stdout_0ccdb83ddb9641879c251d841fb814a0.
2026-05-28T19:07:12.5299860Z Creating stderr named pipe at /podr/container/pipe/cf11a413b238_foodlytics-backend/stderr_e0df040b078c4b588b65b9592a2ec004.
2026-05-28T19:07:12.5316992Z Successfully created stderr named pipe at: /podr/container/pipe/cf11a413b238_foodlytics-backend/stderr_e0df040b078c4b588b65b9592a2ec004.
2026-05-28T19:07:12.5387900Z Opening named pipe /podr/container/pipe/cf11a413b238_foodlytics-backend/stderr_e0df040b078c4b588b65b9592a2ec004 for reading in non-blocking mode.
2026-05-28T19:07:12.5400553Z Successfully opened named pipe: /podr/container/pipe/cf11a413b238_foodlytics-backend/stderr_e0df040b078c4b588b65b9592a2ec004.
2026-05-28T19:07:12.5417460Z Successfully removed non-blocking flag from /podr/container/pipe/cf11a413b238_foodlytics-backend/stderr_e0df040b078c4b588b65b9592a2ec004.
2026-05-28T19:07:12.5502814Z Creating container with image: foodlytics-eqbaanavawbqcxfs.azurecr.io/backend:latest from registry: foodlytics-eqbaanavawbqcxfs.azurecr.io and fully qualified image name: foodlytics-eqbaanavawbqcxfs.azurecr.io/backend:latest
2026-05-28T19:07:15.7742271Z Container get mounts received unexpected exception.
2026-05-28T19:07:15.8505907Z Container get processes received unexpected exception.
2026-05-28T19:07:17.0546239Z Starting container: cf11a413b238_foodlytics-backend.
2026-05-28T19:07:17.4179713Z Starting watchers and probes.
2026-05-28T19:07:17.5169060Z Starting metrics collection.
2026-05-28T19:07:17.5435012Z Container is running.
2026-05-28T19:07:17.5438034Z State: Starting, Action: CreatingContainer, LastError: ImageNotFoundFailure, LastErrorTimestamp: 05/28/2026 18:43:18, LastErrorDetails: Failed to pull image: foodlytics-eqbaanavawbqcxfs.azurecr.io/backend:latest. Image pull failed because the image was not found. Check the registry to ensure the image is present or check for any misspellings., Details: Container foodlytics-backend successfully created and is running., DetailsLevel: INFO
2026-05-28T19:07:18.1608463Z Container start method finished after 345142 ms.
2026-05-28T19:07:18.3184437Z State: Starting, Action: InitiatingSiteWarmUpProbe, LastError: ImageNotFoundFailure, LastErrorTimestamp: 05/28/2026 18:43:18, LastErrorDetails: Failed to pull image: foodlytics-eqbaanavawbqcxfs.azurecr.io/backend:latest. Image pull failed because the image was not found. Check the registry to ensure the image is present or check for any misspellings., Details: Container foodlytics-backend successfully created and is running., DetailsLevel: INFO
2026-05-28T19:07:18.9089909Z State: Starting, Action: WaitingForSiteWarmUpProbeSuccess, LastError: ImageNotFoundFailure, LastErrorTimestamp: 05/28/2026 18:43:18, LastErrorDetails: Failed to pull image: foodlytics-eqbaanavawbqcxfs.azurecr.io/backend:latest. Image pull failed because the image was not found. Check the registry to ensure the image is present or check for any misspellings., Details: Pinging warmup path to ensure container is ready to receive requests., DetailsLevel: INFO
2026-05-28T19:07:33.3919148Z Site startup probe succeeded after 14.087819 seconds.
2026-05-28T19:07:33.6580114Z State: Starting, Action: WarmUpProbeSucceeded, LastError: ImageNotFoundFailure, LastErrorTimestamp: 05/28/2026 18:43:18, LastErrorDetails: Failed to pull image: foodlytics-eqbaanavawbqcxfs.azurecr.io/backend:latest. Image pull failed because the image was not found. Check the registry to ensure the image is present or check for any misspellings., Details: Site startup probe succeeded after 14.087819 seconds., DetailsLevel: INFO
2026-05-28T19:07:34.5577123Z Site started.
2026-05-28T19:07:34.5593436Z State: Started, Action: None, LastError: ImageNotFoundFailure, LastErrorTimestamp: 05/28/2026 18:43:18, LastErrorDetails: Failed to pull image: foodlytics-eqbaanavawbqcxfs.azurecr.io/backend:latest. Image pull failed because the image was not found. Check the registry to ensure the image is present or check for any misspellings., Details: Site started at 05/28/2026 19:07:34 (UTC), DetailsLevel: INFO
2026-05-28T19:54:13.4975327Z State: Starting, Action: EstablishingSiteNetworks, LastError: , LastErrorTimestamp: 01/01/0001 00:00:00, LastErrorDetails: , Details: , DetailsLevel: INFO
2026-05-28T19:54:17.7956653Z State: Starting, Action: StartingMsiContainer, LastError: , LastErrorTimestamp: 01/01/0001 00:00:00, LastErrorDetails: , Details: , DetailsLevel: INFO
2026-05-28T19:54:43.0594661Z State: Starting, Action: StartingSiteContainers, LastError: , LastErrorTimestamp: 01/01/0001 00:00:00, LastErrorDetails: , Details: , DetailsLevel: INFO
2026-05-28T19:54:43.0624685Z Container start method called.
2026-05-28T19:54:43.0889688Z State: Starting, Action: PullingImage, LastError: , LastErrorTimestamp: 01/01/0001 00:00:00, LastErrorDetails: , Details: Pulling image foodlytics-eqbaanavawbqcxfs.azurecr.io/backend:latest for foodlytics-backend., DetailsLevel: INFO
2026-05-28T19:54:43.0892706Z Establishing network.
2026-05-28T19:54:43.0894119Z Pulling image: foodlytics-eqbaanavawbqcxfs.azurecr.io/backend:latest.
2026-05-28T20:02:31.4648654Z Image foodlytics-eqbaanavawbqcxfs.azurecr.io/backend:latest is pulled from registry foodlytics-eqbaanavawbqcxfs.azurecr.io
2026-05-28T20:02:31.4944863Z Container is starting.
2026-05-28T20:02:31.5612767Z State: Starting, Action: MountingVolumes, LastError: , LastErrorTimestamp: 01/01/0001 00:00:00, LastErrorDetails: , Details: Mounting volumes for foodlytics-backend., DetailsLevel: INFO
2026-05-28T20:02:31.5622048Z Establishing user namespace if not established already.
2026-05-28T20:02:31.5698857Z Establishing network if not established already.
2026-05-28T20:02:31.5893290Z Mounting volumes.
2026-05-28T20:02:31.6201260Z Nested mountpoint volatile/logs
2026-05-28T20:02:31.7244477Z Nested mountpoint 
2026-05-28T20:02:31.8248034Z Nested mountpoint 
2026-05-28T20:02:32.2657082Z State: Starting, Action: CreatingContainer, LastError: , LastErrorTimestamp: 01/01/0001 00:00:00, LastErrorDetails: , Details: Finished pulling container image and mounting volumes for foodlytics-backend. Allocatinng the rest of the container resources to finish container creation., DetailsLevel: INFO
2026-05-28T20:02:32.2662338Z Creating container.
2026-05-28T20:02:32.2954683Z Creating pipes for streaming container io.
2026-05-28T20:02:32.2956948Z Creating stdout named pipe at /podr/container/pipe/01057d3e74b4_foodlytics-backend/stdout_b57eefd178d24d81a8ff5160707966fa.
2026-05-28T20:02:32.3046836Z Successfully created stdout named pipe at: /podr/container/pipe/01057d3e74b4_foodlytics-backend/stdout_b57eefd178d24d81a8ff5160707966fa.
2026-05-28T20:02:32.3048639Z Opening named pipe /podr/container/pipe/01057d3e74b4_foodlytics-backend/stdout_b57eefd178d24d81a8ff5160707966fa for reading in non-blocking mode.
2026-05-28T20:02:32.3069778Z Successfully opened named pipe: /podr/container/pipe/01057d3e74b4_foodlytics-backend/stdout_b57eefd178d24d81a8ff5160707966fa.
2026-05-28T20:02:32.3957930Z Successfully removed non-blocking flag from /podr/container/pipe/01057d3e74b4_foodlytics-backend/stdout_b57eefd178d24d81a8ff5160707966fa.
2026-05-28T20:02:32.4065945Z Creating stderr named pipe at /podr/container/pipe/01057d3e74b4_foodlytics-backend/stderr_ca82e79e7a7e492db7aabf5482e9d9b1.
2026-05-28T20:02:32.4133185Z Successfully created stderr named pipe at: /podr/container/pipe/01057d3e74b4_foodlytics-backend/stderr_ca82e79e7a7e492db7aabf5482e9d9b1.
2026-05-28T20:02:32.4135033Z Opening named pipe /podr/container/pipe/01057d3e74b4_foodlytics-backend/stderr_ca82e79e7a7e492db7aabf5482e9d9b1 for reading in non-blocking mode.
2026-05-28T20:02:32.4142591Z Successfully opened named pipe: /podr/container/pipe/01057d3e74b4_foodlytics-backend/stderr_ca82e79e7a7e492db7aabf5482e9d9b1.
2026-05-28T20:02:32.4169849Z Successfully removed non-blocking flag from /podr/container/pipe/01057d3e74b4_foodlytics-backend/stderr_ca82e79e7a7e492db7aabf5482e9d9b1.
2026-05-28T20:02:32.4550323Z Creating container with image: foodlytics-eqbaanavawbqcxfs.azurecr.io/backend:latest from registry: foodlytics-eqbaanavawbqcxfs.azurecr.io and fully qualified image name: foodlytics-eqbaanavawbqcxfs.azurecr.io/backend:latest
2026-05-28T20:02:34.8942850Z Starting container: 01057d3e74b4_foodlytics-backend.
2026-05-28T20:02:35.1652359Z Starting watchers and probes.
2026-05-28T20:02:35.2025483Z Starting metrics collection.
2026-05-28T20:02:35.2045055Z Container is running.
2026-05-28T20:02:35.2045905Z State: Starting, Action: CreatingContainer, LastError: , LastErrorTimestamp: 01/01/0001 00:00:00, LastErrorDetails: , Details: Container foodlytics-backend successfully created and is running., DetailsLevel: INFO
2026-05-28T20:02:35.4354080Z Container start method finished after 472371 ms.
2026-05-28T20:02:35.5009729Z State: Starting, Action: InitiatingSiteWarmUpProbe, LastError: , LastErrorTimestamp: 01/01/0001 00:00:00, LastErrorDetails: , Details: Container foodlytics-backend successfully created and is running., DetailsLevel: INFO
2026-05-28T20:02:35.5095276Z State: Starting, Action: WaitingForSiteWarmUpProbeSuccess, LastError: , LastErrorTimestamp: 01/01/0001 00:00:00, LastErrorDetails: , Details: Pinging warmup path to ensure container is ready to receive requests., DetailsLevel: INFO
2026-05-28T20:02:45.7238161Z Site startup probe succeeded after 10.0512316 seconds.
2026-05-28T20:02:45.9127157Z State: Starting, Action: WarmUpProbeSucceeded, LastError: , LastErrorTimestamp: 01/01/0001 00:00:00, LastErrorDetails: , Details: Site startup probe succeeded after 10.0512316 seconds., DetailsLevel: INFO
2026-05-28T20:02:46.2995101Z Site started.
2026-05-28T20:02:46.3033018Z State: Started, Action: None, LastError: , LastErrorTimestamp: 01/01/0001 00:00:00, LastErrorDetails: , Details: Site started at 05/28/2026 20:02:46 (UTC), DetailsLevel: INFO
2026-05-28T20:03:06.4322444Z State: Stopping, Action: StoppingSite, LastError: ImageNotFoundFailure, LastErrorTimestamp: 05/28/2026 18:43:18, LastErrorDetails: Failed to pull image: foodlytics-eqbaanavawbqcxfs.azurecr.io/backend:latest. Image pull failed because the image was not found. Check the registry to ensure the image is present or check for any misspellings., Details: Site started at 05/28/2026 19:07:34 (UTC), DetailsLevel: INFO
2026-05-28T20:03:06.4526015Z State: Stopping, Action: StoppingSiteContainers, LastError: ImageNotFoundFailure, LastErrorTimestamp: 05/28/2026 18:43:18, LastErrorDetails: Failed to pull image: foodlytics-eqbaanavawbqcxfs.azurecr.io/backend:latest. Image pull failed because the image was not found. Check the registry to ensure the image is present or check for any misspellings., Details: Site started at 05/28/2026 19:07:34 (UTC), DetailsLevel: INFO
2026-05-28T20:03:06.4572201Z Container is terminating. Grace period: 5 seconds.
2026-05-28T20:03:06.5217013Z Stop and delete container. Retry count = 0
2026-05-28T20:03:06.5227506Z Stopping container: cf11a413b238_foodlytics-backend.
2026-05-28T20:03:12.2848174Z Deleting container: cf11a413b238_foodlytics-backend. Retry count = 0
2026-05-28T20:03:12.7476942Z Container spec TerminationMessagePolicy  path 
2026-05-28T20:03:12.7569386Z Container is terminated. Total time elapsed: 6297 ms.
2026-05-28T20:03:13.4627551Z Site: foodlytics-backend stopped.
2026-05-28T20:04:13.4491732Z State: Starting, Action: EstablishingSiteNetworks, LastError: , LastErrorTimestamp: 01/01/0001 00:00:00, LastErrorDetails: , Details: , DetailsLevel: INFO
2026-05-28T20:04:19.6075642Z State: Starting, Action: StartingMsiContainer, LastError: , LastErrorTimestamp: 01/01/0001 00:00:00, LastErrorDetails: , Details: , DetailsLevel: INFO
2026-05-28T20:04:43.0247740Z State: Starting, Action: StartingSiteContainers, LastError: , LastErrorTimestamp: 01/01/0001 00:00:00, LastErrorDetails: , Details: , DetailsLevel: INFO
2026-05-28T20:04:43.0251366Z Container start method called.
2026-05-28T20:04:43.0284432Z State: Starting, Action: PullingImage, LastError: , LastErrorTimestamp: 01/01/0001 00:00:00, LastErrorDetails: , Details: Pulling image foodlytics-eqbaanavawbqcxfs.azurecr.io/backend:latest for foodlytics-backend., DetailsLevel: INFO
2026-05-28T20:04:43.0642227Z Establishing network.
2026-05-28T20:04:43.0645303Z Pulling image: foodlytics-eqbaanavawbqcxfs.azurecr.io/backend:latest.
